2020-10-09 15:18:41,329 ERROR 17420 [-/192.168.5.151/-/3ms POST /resetpasswd2] nodejs.TypeError: Cannot read property 'tel' of undefined
    at ResetpasswdController.resetpasswd2 (C:\Users\Administrator\Desktop\js笔记\object\server\app\controller\resetpasswd.js:29:33)
    at processTicksAndRejections (internal/process/task_queues.js:97:5)
    at async C:\Users\Administrator\Desktop\js笔记\object\server\node_modules\_egg-development@2.7.0@egg-development\app\middleware\egg_loader_trace.js:9:50
    at async xframe (C:\Users\Administrator\Desktop\js笔记\object\server\node_modules\_egg-security@2.8.0@egg-security\lib\middlewares\xframe.js:7:5)
    at async xssProtection (C:\Users\Administrator\Desktop\js笔记\object\server\node_modules\_egg-security@2.8.0@egg-security\lib\middlewares\xssProtection.js:7:5)
    at async nosniff (C:\Users\Administrator\Desktop\js笔记\object\server\node_modules\_egg-security@2.8.0@egg-security\lib\middlewares\nosniff.js:8:5)
    at async noopen (C:\Users\Administrator\Desktop\js笔记\object\server\node_modules\_egg-security@2.8.0@egg-security\lib\middlewares\noopen.js:8:5)
    at async session (C:\Users\Administrator\Desktop\js笔记\object\server\node_modules\_koa-session@6.0.0@koa-session\index.js:41:7)
    at async bodyParser (C:\Users\Administrator\Desktop\js笔记\object\server\node_modules\_koa-bodyparser@4.3.0@koa-bodyparser\index.js:95:5)
    at async C:\Users\Administrator\Desktop\js笔记\object\server\node_modules\_koa-static-cache@5.1.4@koa-static-cache\index.js:39:63
headers: {"Access-Control-Allow-Origin":"http://localhost","Access-Control-Allow-Credentials":"true","vary":"Origin"}
pid: 17420
hostname: SC-202006081301

2020-10-09 15:20:03,858 ERROR 2200 [-/192.168.5.151/-/11ms POST /resetpasswd2] nodejs.TypeError: Cannot read property 'tel' of undefined
    at ResetpasswdController.resetpasswd2 (C:\Users\Administrator\Desktop\js笔记\object\server\app\controller\resetpasswd.js:30:33)
    at processTicksAndRejections (internal/process/task_queues.js:97:5)
    at async C:\Users\Administrator\Desktop\js笔记\object\server\node_modules\_egg-development@2.7.0@egg-development\app\middleware\egg_loader_trace.js:9:50
    at async xframe (C:\Users\Administrator\Desktop\js笔记\object\server\node_modules\_egg-security@2.8.0@egg-security\lib\middlewares\xframe.js:7:5)
    at async xssProtection (C:\Users\Administrator\Desktop\js笔记\object\server\node_modules\_egg-security@2.8.0@egg-security\lib\middlewares\xssProtection.js:7:5)
    at async nosniff (C:\Users\Administrator\Desktop\js笔记\object\server\node_modules\_egg-security@2.8.0@egg-security\lib\middlewares\nosniff.js:8:5)
    at async noopen (C:\Users\Administrator\Desktop\js笔记\object\server\node_modules\_egg-security@2.8.0@egg-security\lib\middlewares\noopen.js:8:5)
    at async session (C:\Users\Administrator\Desktop\js笔记\object\server\node_modules\_koa-session@6.0.0@koa-session\index.js:41:7)
    at async bodyParser (C:\Users\Administrator\Desktop\js笔记\object\server\node_modules\_koa-bodyparser@4.3.0@koa-bodyparser\index.js:95:5)
    at async C:\Users\Administrator\Desktop\js笔记\object\server\node_modules\_koa-static-cache@5.1.4@koa-static-cache\index.js:39:63
headers: {"Access-Control-Allow-Origin":"http://localhost","Access-Control-Allow-Credentials":"true","vary":"Origin"}
pid: 2200
hostname: SC-202006081301

2020-10-09 15:21:34,690 ERROR 9384 [-/192.168.5.151/-/39ms POST /resetpasswd2] nodejs.TypeError: Cannot read property 'tel' of undefined
    at ResetpasswdController.resetpasswd2 (C:\Users\Administrator\Desktop\js笔记\object\server\app\controller\resetpasswd.js:29:33)
    at processTicksAndRejections (internal/process/task_queues.js:97:5)
    at async C:\Users\Administrator\Desktop\js笔记\object\server\node_modules\_egg-development@2.7.0@egg-development\app\middleware\egg_loader_trace.js:9:50
    at async xframe (C:\Users\Administrator\Desktop\js笔记\object\server\node_modules\_egg-security@2.8.0@egg-security\lib\middlewares\xframe.js:7:5)
    at async xssProtection (C:\Users\Administrator\Desktop\js笔记\object\server\node_modules\_egg-security@2.8.0@egg-security\lib\middlewares\xssProtection.js:7:5)
    at async nosniff (C:\Users\Administrator\Desktop\js笔记\object\server\node_modules\_egg-security@2.8.0@egg-security\lib\middlewares\nosniff.js:8:5)
    at async noopen (C:\Users\Administrator\Desktop\js笔记\object\server\node_modules\_egg-security@2.8.0@egg-security\lib\middlewares\noopen.js:8:5)
    at async session (C:\Users\Administrator\Desktop\js笔记\object\server\node_modules\_koa-session@6.0.0@koa-session\index.js:41:7)
    at async bodyParser (C:\Users\Administrator\Desktop\js笔记\object\server\node_modules\_koa-bodyparser@4.3.0@koa-bodyparser\index.js:95:5)
    at async C:\Users\Administrator\Desktop\js笔记\object\server\node_modules\_koa-static-cache@5.1.4@koa-static-cache\index.js:39:63
headers: {"Access-Control-Allow-Origin":"http://localhost","Access-Control-Allow-Credentials":"true","vary":"Origin"}
pid: 9384
hostname: SC-202006081301

2020-10-09 15:22:44,475 ERROR 9384 [-/192.168.5.151/-/8805ms POST /resetpasswd2] nodejs.TypeError: Cannot read property 'tel' of undefined
    at ResetpasswdController.resetpasswd2 (C:\Users\Administrator\Desktop\js笔记\object\server\app\controller\resetpasswd.js:29:33)
    at processTicksAndRejections (internal/process/task_queues.js:97:5)
    at async C:\Users\Administrator\Desktop\js笔记\object\server\node_modules\_egg-development@2.7.0@egg-development\app\middleware\egg_loader_trace.js:9:50
    at async xframe (C:\Users\Administrator\Desktop\js笔记\object\server\node_modules\_egg-security@2.8.0@egg-security\lib\middlewares\xframe.js:7:5)
    at async xssProtection (C:\Users\Administrator\Desktop\js笔记\object\server\node_modules\_egg-security@2.8.0@egg-security\lib\middlewares\xssProtection.js:7:5)
    at async nosniff (C:\Users\Administrator\Desktop\js笔记\object\server\node_modules\_egg-security@2.8.0@egg-security\lib\middlewares\nosniff.js:8:5)
    at async noopen (C:\Users\Administrator\Desktop\js笔记\object\server\node_modules\_egg-security@2.8.0@egg-security\lib\middlewares\noopen.js:8:5)
    at async session (C:\Users\Administrator\Desktop\js笔记\object\server\node_modules\_koa-session@6.0.0@koa-session\index.js:41:7)
    at async bodyParser (C:\Users\Administrator\Desktop\js笔记\object\server\node_modules\_koa-bodyparser@4.3.0@koa-bodyparser\index.js:95:5)
    at async C:\Users\Administrator\Desktop\js笔记\object\server\node_modules\_koa-static-cache@5.1.4@koa-static-cache\index.js:39:63
headers: {"Access-Control-Allow-Origin":"http://localhost","Access-Control-Allow-Credentials":"true","vary":"Origin"}
pid: 9384
hostname: SC-202006081301

2020-10-09 15:22:55,418 ERROR 12204 [-/192.168.5.151/-/37ms POST /resetpasswd2] nodejs.TypeError: Cannot read property 'tel' of undefined
    at ResetpasswdController.resetpasswd2 (C:\Users\Administrator\Desktop\js笔记\object\server\app\controller\resetpasswd.js:30:33)
    at processTicksAndRejections (internal/process/task_queues.js:97:5)
    at async C:\Users\Administrator\Desktop\js笔记\object\server\node_modules\_egg-development@2.7.0@egg-development\app\middleware\egg_loader_trace.js:9:50
    at async xframe (C:\Users\Administrator\Desktop\js笔记\object\server\node_modules\_egg-security@2.8.0@egg-security\lib\middlewares\xframe.js:7:5)
    at async xssProtection (C:\Users\Administrator\Desktop\js笔记\object\server\node_modules\_egg-security@2.8.0@egg-security\lib\middlewares\xssProtection.js:7:5)
    at async nosniff (C:\Users\Administrator\Desktop\js笔记\object\server\node_modules\_egg-security@2.8.0@egg-security\lib\middlewares\nosniff.js:8:5)
    at async noopen (C:\Users\Administrator\Desktop\js笔记\object\server\node_modules\_egg-security@2.8.0@egg-security\lib\middlewares\noopen.js:8:5)
    at async session (C:\Users\Administrator\Desktop\js笔记\object\server\node_modules\_koa-session@6.0.0@koa-session\index.js:41:7)
    at async bodyParser (C:\Users\Administrator\Desktop\js笔记\object\server\node_modules\_koa-bodyparser@4.3.0@koa-bodyparser\index.js:95:5)
    at async C:\Users\Administrator\Desktop\js笔记\object\server\node_modules\_koa-static-cache@5.1.4@koa-static-cache\index.js:39:63
headers: {"Access-Control-Allow-Origin":"http://localhost","Access-Control-Allow-Credentials":"true","vary":"Origin"}
pid: 12204
hostname: SC-202006081301

2020-10-09 19:26:09,490 ERROR 16960 [-/192.168.5.151/-/1ms GET /getnotice1?count=2] nodejs.TypeError: Cannot read property 'count' of undefined
    at Notice_Service.findnotice1 (C:\Users\Administrator\Desktop\js笔记\object\server\app\service\notice_.js:17:24)
    at NoticeController.getnotice1 (C:\Users\Administrator\Desktop\js笔记\object\server\app\controller\notice.js:16:44)
    at Object.callFn (C:\Users\Administrator\Desktop\js笔记\object\server\node_modules\_egg-core@4.20.0@egg-core\lib\utils\index.js:44:21)
    at Object.classControllerMiddleware (C:\Users\Administrator\Desktop\js笔记\object\server\node_modules\_egg-core@4.20.0@egg-core\lib\loader\mixin\controller.js:87:20)
    at Object.callFn (C:\Users\Administrator\Desktop\js笔记\object\server\node_modules\_@eggjs_router@2.0.0@@eggjs\router\lib\utils.js:12:21)
    at wrappedController (C:\Users\Administrator\Desktop\js笔记\object\server\node_modules\_@eggjs_router@2.0.0@@eggjs\router\lib\egg_router.js:322:18)
    at dispatch (C:\Users\Administrator\Desktop\js笔记\object\server\node_modules\_koa-compose@3.2.1@koa-compose\index.js:44:32)
    at next (C:\Users\Administrator\Desktop\js笔记\object\server\node_modules\_koa-compose@3.2.1@koa-compose\index.js:45:18)
    at C:\Users\Administrator\Desktop\js笔记\object\server\node_modules\_@eggjs_router@2.0.0@@eggjs\router\lib\router.js:190:18
    at dispatch (C:\Users\Administrator\Desktop\js笔记\object\server\node_modules\_koa-compose@3.2.1@koa-compose\index.js:44:32)
headers: {"Access-Control-Allow-Origin":"http://localhost","Access-Control-Allow-Credentials":"true","vary":"Origin"}
pid: 16960
hostname: SC-202006081301

2020-10-09 19:27:35,976 ERROR 16960 [-/192.168.5.151/-/1ms GET /getnotice1?count=2] nodejs.TypeError: Cannot read property 'count' of undefined
    at Notice_Service.findnotice1 (C:\Users\Administrator\Desktop\js笔记\object\server\app\service\notice_.js:17:24)
    at NoticeController.getnotice1 (C:\Users\Administrator\Desktop\js笔记\object\server\app\controller\notice.js:16:44)
    at Object.callFn (C:\Users\Administrator\Desktop\js笔记\object\server\node_modules\_egg-core@4.20.0@egg-core\lib\utils\index.js:44:21)
    at Object.classControllerMiddleware (C:\Users\Administrator\Desktop\js笔记\object\server\node_modules\_egg-core@4.20.0@egg-core\lib\loader\mixin\controller.js:87:20)
    at Object.callFn (C:\Users\Administrator\Desktop\js笔记\object\server\node_modules\_@eggjs_router@2.0.0@@eggjs\router\lib\utils.js:12:21)
    at wrappedController (C:\Users\Administrator\Desktop\js笔记\object\server\node_modules\_@eggjs_router@2.0.0@@eggjs\router\lib\egg_router.js:322:18)
    at dispatch (C:\Users\Administrator\Desktop\js笔记\object\server\node_modules\_koa-compose@3.2.1@koa-compose\index.js:44:32)
    at next (C:\Users\Administrator\Desktop\js笔记\object\server\node_modules\_koa-compose@3.2.1@koa-compose\index.js:45:18)
    at C:\Users\Administrator\Desktop\js笔记\object\server\node_modules\_@eggjs_router@2.0.0@@eggjs\router\lib\router.js:190:18
    at dispatch (C:\Users\Administrator\Desktop\js笔记\object\server\node_modules\_koa-compose@3.2.1@koa-compose\index.js:44:32)
headers: {"Access-Control-Allow-Origin":"http://localhost","Access-Control-Allow-Credentials":"true","vary":"Origin"}
pid: 16960
hostname: SC-202006081301

2020-10-09 19:28:09,381 ERROR 16636 [-/192.168.5.151/-/12ms GET /getnotice1?count=2] nodejs.TypeError: Cannot read property 'count' of undefined
    at Notice_Service.findnotice1 (C:\Users\Administrator\Desktop\js笔记\object\server\app\service\notice_.js:17:24)
    at NoticeController.getnotice1 (C:\Users\Administrator\Desktop\js笔记\object\server\app\controller\notice.js:17:44)
    at Object.callFn (C:\Users\Administrator\Desktop\js笔记\object\server\node_modules\_egg-core@4.20.0@egg-core\lib\utils\index.js:44:21)
    at Object.classControllerMiddleware (C:\Users\Administrator\Desktop\js笔记\object\server\node_modules\_egg-core@4.20.0@egg-core\lib\loader\mixin\controller.js:87:20)
    at Object.callFn (C:\Users\Administrator\Desktop\js笔记\object\server\node_modules\_@eggjs_router@2.0.0@@eggjs\router\lib\utils.js:12:21)
    at wrappedController (C:\Users\Administrator\Desktop\js笔记\object\server\node_modules\_@eggjs_router@2.0.0@@eggjs\router\lib\egg_router.js:322:18)
    at dispatch (C:\Users\Administrator\Desktop\js笔记\object\server\node_modules\_koa-compose@3.2.1@koa-compose\index.js:44:32)
    at next (C:\Users\Administrator\Desktop\js笔记\object\server\node_modules\_koa-compose@3.2.1@koa-compose\index.js:45:18)
    at C:\Users\Administrator\Desktop\js笔记\object\server\node_modules\_@eggjs_router@2.0.0@@eggjs\router\lib\router.js:190:18
    at dispatch (C:\Users\Administrator\Desktop\js笔记\object\server\node_modules\_koa-compose@3.2.1@koa-compose\index.js:44:32)
headers: {"Access-Control-Allow-Origin":"http://localhost","Access-Control-Allow-Credentials":"true","vary":"Origin"}
pid: 16636
hostname: SC-202006081301

2020-10-09 19:31:23,235 ERROR 11784 [-/192.168.5.151/-/4ms GET /getnotice1?count=2] nodejs.TypeError: Cannot read property 'count' of undefined
    at Notice_Service.findnotice1 (C:\Users\Administrator\Desktop\js笔记\object\server\app\service\notice_.js:17:24)
    at NoticeController.getnotice1 (C:\Users\Administrator\Desktop\js笔记\object\server\app\controller\notice.js:17:44)
    at Object.callFn (C:\Users\Administrator\Desktop\js笔记\object\server\node_modules\_egg-core@4.20.0@egg-core\lib\utils\index.js:44:21)
    at Object.classControllerMiddleware (C:\Users\Administrator\Desktop\js笔记\object\server\node_modules\_egg-core@4.20.0@egg-core\lib\loader\mixin\controller.js:87:20)
    at Object.callFn (C:\Users\Administrator\Desktop\js笔记\object\server\node_modules\_@eggjs_router@2.0.0@@eggjs\router\lib\utils.js:12:21)
    at wrappedController (C:\Users\Administrator\Desktop\js笔记\object\server\node_modules\_@eggjs_router@2.0.0@@eggjs\router\lib\egg_router.js:322:18)
    at dispatch (C:\Users\Administrator\Desktop\js笔记\object\server\node_modules\_koa-compose@3.2.1@koa-compose\index.js:44:32)
    at next (C:\Users\Administrator\Desktop\js笔记\object\server\node_modules\_koa-compose@3.2.1@koa-compose\index.js:45:18)
    at C:\Users\Administrator\Desktop\js笔记\object\server\node_modules\_@eggjs_router@2.0.0@@eggjs\router\lib\router.js:190:18
    at dispatch (C:\Users\Administrator\Desktop\js笔记\object\server\node_modules\_koa-compose@3.2.1@koa-compose\index.js:44:32)
headers: {"Access-Control-Allow-Origin":"http://localhost","Access-Control-Allow-Credentials":"true","vary":"Origin"}
pid: 11784
hostname: SC-202006081301

2020-10-09 19:32:35,953 ERROR 11784 [-/192.168.5.151/-/2ms GET /getnotice1?count=2] nodejs.TypeError: Cannot read property 'count' of undefined
    at Notice_Service.findnotice1 (C:\Users\Administrator\Desktop\js笔记\object\server\app\service\notice_.js:17:24)
    at NoticeController.getnotice1 (C:\Users\Administrator\Desktop\js笔记\object\server\app\controller\notice.js:17:44)
    at Object.callFn (C:\Users\Administrator\Desktop\js笔记\object\server\node_modules\_egg-core@4.20.0@egg-core\lib\utils\index.js:44:21)
    at Object.classControllerMiddleware (C:\Users\Administrator\Desktop\js笔记\object\server\node_modules\_egg-core@4.20.0@egg-core\lib\loader\mixin\controller.js:87:20)
    at Object.callFn (C:\Users\Administrator\Desktop\js笔记\object\server\node_modules\_@eggjs_router@2.0.0@@eggjs\router\lib\utils.js:12:21)
    at wrappedController (C:\Users\Administrator\Desktop\js笔记\object\server\node_modules\_@eggjs_router@2.0.0@@eggjs\router\lib\egg_router.js:322:18)
    at dispatch (C:\Users\Administrator\Desktop\js笔记\object\server\node_modules\_koa-compose@3.2.1@koa-compose\index.js:44:32)
    at next (C:\Users\Administrator\Desktop\js笔记\object\server\node_modules\_koa-compose@3.2.1@koa-compose\index.js:45:18)
    at C:\Users\Administrator\Desktop\js笔记\object\server\node_modules\_@eggjs_router@2.0.0@@eggjs\router\lib\router.js:190:18
    at dispatch (C:\Users\Administrator\Desktop\js笔记\object\server\node_modules\_koa-compose@3.2.1@koa-compose\index.js:44:32)
headers: {"Access-Control-Allow-Origin":"http://localhost","Access-Control-Allow-Credentials":"true","vary":"Origin"}
pid: 11784
hostname: SC-202006081301

2020-10-09 19:32:37,696 ERROR 11784 [-/192.168.5.151/-/2ms GET /getnotice1?count=3] nodejs.TypeError: Cannot read property 'count' of undefined
    at Notice_Service.findnotice1 (C:\Users\Administrator\Desktop\js笔记\object\server\app\service\notice_.js:17:24)
    at NoticeController.getnotice1 (C:\Users\Administrator\Desktop\js笔记\object\server\app\controller\notice.js:17:44)
    at Object.callFn (C:\Users\Administrator\Desktop\js笔记\object\server\node_modules\_egg-core@4.20.0@egg-core\lib\utils\index.js:44:21)
    at Object.classControllerMiddleware (C:\Users\Administrator\Desktop\js笔记\object\server\node_modules\_egg-core@4.20.0@egg-core\lib\loader\mixin\controller.js:87:20)
    at Object.callFn (C:\Users\Administrator\Desktop\js笔记\object\server\node_modules\_@eggjs_router@2.0.0@@eggjs\router\lib\utils.js:12:21)
    at wrappedController (C:\Users\Administrator\Desktop\js笔记\object\server\node_modules\_@eggjs_router@2.0.0@@eggjs\router\lib\egg_router.js:322:18)
    at dispatch (C:\Users\Administrator\Desktop\js笔记\object\server\node_modules\_koa-compose@3.2.1@koa-compose\index.js:44:32)
    at next (C:\Users\Administrator\Desktop\js笔记\object\server\node_modules\_koa-compose@3.2.1@koa-compose\index.js:45:18)
    at C:\Users\Administrator\Desktop\js笔记\object\server\node_modules\_@eggjs_router@2.0.0@@eggjs\router\lib\router.js:190:18
    at dispatch (C:\Users\Administrator\Desktop\js笔记\object\server\node_modules\_koa-compose@3.2.1@koa-compose\index.js:44:32)
headers: {"Access-Control-Allow-Origin":"http://localhost","Access-Control-Allow-Credentials":"true","vary":"Origin"}
pid: 11784
hostname: SC-202006081301

2020-10-09 19:32:40,313 ERROR 11784 [-/192.168.5.151/-/3ms GET /getnotice1?count=4] nodejs.TypeError: Cannot read property 'count' of undefined
    at Notice_Service.findnotice1 (C:\Users\Administrator\Desktop\js笔记\object\server\app\service\notice_.js:17:24)
    at NoticeController.getnotice1 (C:\Users\Administrator\Desktop\js笔记\object\server\app\controller\notice.js:17:44)
    at Object.callFn (C:\Users\Administrator\Desktop\js笔记\object\server\node_modules\_egg-core@4.20.0@egg-core\lib\utils\index.js:44:21)
    at Object.classControllerMiddleware (C:\Users\Administrator\Desktop\js笔记\object\server\node_modules\_egg-core@4.20.0@egg-core\lib\loader\mixin\controller.js:87:20)
    at Object.callFn (C:\Users\Administrator\Desktop\js笔记\object\server\node_modules\_@eggjs_router@2.0.0@@eggjs\router\lib\utils.js:12:21)
    at wrappedController (C:\Users\Administrator\Desktop\js笔记\object\server\node_modules\_@eggjs_router@2.0.0@@eggjs\router\lib\egg_router.js:322:18)
    at dispatch (C:\Users\Administrator\Desktop\js笔记\object\server\node_modules\_koa-compose@3.2.1@koa-compose\index.js:44:32)
    at next (C:\Users\Administrator\Desktop\js笔记\object\server\node_modules\_koa-compose@3.2.1@koa-compose\index.js:45:18)
    at C:\Users\Administrator\Desktop\js笔记\object\server\node_modules\_@eggjs_router@2.0.0@@eggjs\router\lib\router.js:190:18
    at dispatch (C:\Users\Administrator\Desktop\js笔记\object\server\node_modules\_koa-compose@3.2.1@koa-compose\index.js:44:32)
headers: {"Access-Control-Allow-Origin":"http://localhost","Access-Control-Allow-Credentials":"true","vary":"Origin"}
pid: 11784
hostname: SC-202006081301

2020-10-09 19:32:43,847 ERROR 11784 [-/192.168.5.151/-/2ms GET /getnotice1?count=1] nodejs.TypeError: Cannot read property 'count' of undefined
    at Notice_Service.findnotice1 (C:\Users\Administrator\Desktop\js笔记\object\server\app\service\notice_.js:17:24)
    at NoticeController.getnotice1 (C:\Users\Administrator\Desktop\js笔记\object\server\app\controller\notice.js:17:44)
    at Object.callFn (C:\Users\Administrator\Desktop\js笔记\object\server\node_modules\_egg-core@4.20.0@egg-core\lib\utils\index.js:44:21)
    at Object.classControllerMiddleware (C:\Users\Administrator\Desktop\js笔记\object\server\node_modules\_egg-core@4.20.0@egg-core\lib\loader\mixin\controller.js:87:20)
    at Object.callFn (C:\Users\Administrator\Desktop\js笔记\object\server\node_modules\_@eggjs_router@2.0.0@@eggjs\router\lib\utils.js:12:21)
    at wrappedController (C:\Users\Administrator\Desktop\js笔记\object\server\node_modules\_@eggjs_router@2.0.0@@eggjs\router\lib\egg_router.js:322:18)
    at dispatch (C:\Users\Administrator\Desktop\js笔记\object\server\node_modules\_koa-compose@3.2.1@koa-compose\index.js:44:32)
    at next (C:\Users\Administrator\Desktop\js笔记\object\server\node_modules\_koa-compose@3.2.1@koa-compose\index.js:45:18)
    at C:\Users\Administrator\Desktop\js笔记\object\server\node_modules\_@eggjs_router@2.0.0@@eggjs\router\lib\router.js:190:18
    at dispatch (C:\Users\Administrator\Desktop\js笔记\object\server\node_modules\_koa-compose@3.2.1@koa-compose\index.js:44:32)
headers: {"Access-Control-Allow-Origin":"http://localhost","Access-Control-Allow-Credentials":"true","vary":"Origin"}
pid: 11784
hostname: SC-202006081301

2020-10-09 19:34:41,398 ERROR 11784 [-/192.168.5.151/-/9643ms GET /getnotice1?count=2] nodejs.TypeError: Cannot read property 'count' of undefined
    at Notice_Service.findnotice1 (C:\Users\Administrator\Desktop\js笔记\object\server\app\service\notice_.js:17:24)
    at NoticeController.getnotice1 (C:\Users\Administrator\Desktop\js笔记\object\server\app\controller\notice.js:17:44)
    at Object.callFn (C:\Users\Administrator\Desktop\js笔记\object\server\node_modules\_egg-core@4.20.0@egg-core\lib\utils\index.js:44:21)
    at Object.classControllerMiddleware (C:\Users\Administrator\Desktop\js笔记\object\server\node_modules\_egg-core@4.20.0@egg-core\lib\loader\mixin\controller.js:87:20)
    at Object.callFn (C:\Users\Administrator\Desktop\js笔记\object\server\node_modules\_@eggjs_router@2.0.0@@eggjs\router\lib\utils.js:12:21)
    at wrappedController (C:\Users\Administrator\Desktop\js笔记\object\server\node_modules\_@eggjs_router@2.0.0@@eggjs\router\lib\egg_router.js:322:18)
    at dispatch (C:\Users\Administrator\Desktop\js笔记\object\server\node_modules\_koa-compose@3.2.1@koa-compose\index.js:44:32)
    at next (C:\Users\Administrator\Desktop\js笔记\object\server\node_modules\_koa-compose@3.2.1@koa-compose\index.js:45:18)
    at C:\Users\Administrator\Desktop\js笔记\object\server\node_modules\_@eggjs_router@2.0.0@@eggjs\router\lib\router.js:190:18
    at dispatch (C:\Users\Administrator\Desktop\js笔记\object\server\node_modules\_koa-compose@3.2.1@koa-compose\index.js:44:32)
headers: {"Access-Control-Allow-Origin":"http://localhost","Access-Control-Allow-Credentials":"true","vary":"Origin"}
pid: 11784
hostname: SC-202006081301

2020-10-09 19:35:03,312 ERROR 6952 [-/192.168.5.151/-/8ms GET /getnotice1?count=2] nodejs.ER_BAD_FIELD_ERRORError: ER_BAD_FIELD_ERROR: Unknown column 'author' in 'field list'
    at Query.Sequence._packetToError (C:\Users\Administrator\Desktop\js笔记\object\server\node_modules\_mysql@2.18.1@mysql\lib\protocol\sequences\Sequence.js:47:14)
    at Query.ErrorPacket (C:\Users\Administrator\Desktop\js笔记\object\server\node_modules\_mysql@2.18.1@mysql\lib\protocol\sequences\Query.js:79:18)
    at Protocol._parsePacket (C:\Users\Administrator\Desktop\js笔记\object\server\node_modules\_mysql@2.18.1@mysql\lib\protocol\Protocol.js:291:23)
    at Parser._parsePacket (C:\Users\Administrator\Desktop\js笔记\object\server\node_modules\_mysql@2.18.1@mysql\lib\protocol\Parser.js:433:10)
    at Parser.write (C:\Users\Administrator\Desktop\js笔记\object\server\node_modules\_mysql@2.18.1@mysql\lib\protocol\Parser.js:43:10)
    at Protocol.write (C:\Users\Administrator\Desktop\js笔记\object\server\node_modules\_mysql@2.18.1@mysql\lib\protocol\Protocol.js:38:16)
    at Socket.<anonymous> (C:\Users\Administrator\Desktop\js笔记\object\server\node_modules\_mysql@2.18.1@mysql\lib\Connection.js:88:28)
    at Socket.<anonymous> (C:\Users\Administrator\Desktop\js笔记\object\server\node_modules\_mysql@2.18.1@mysql\lib\Connection.js:526:10)
    at Socket.emit (events.js:315:20)
    at addChunk (_stream_readable.js:295:12)
    --------------------
    at Pool.query (C:\Users\Administrator\Desktop\js笔记\object\server\node_modules\_mysql@2.18.1@mysql\lib\Pool.js:199:23)
    at C:\Users\Administrator\Desktop\js笔记\object\server\node_modules\_pify@2.3.0@pify\index.js:29:7
    at new Promise (<anonymous>)
    at Pool.<anonymous> (C:\Users\Administrator\Desktop\js笔记\object\server\node_modules\_pify@2.3.0@pify\index.js:12:10)
    at Pool.ret [as query] (C:\Users\Administrator\Desktop\js笔记\object\server\node_modules\_pify@2.3.0@pify\index.js:56:34)
    at RDSClient.proto._query (C:\Users\Administrator\Desktop\js笔记\object\server\node_modules\_ali-rds@3.4.0@ali-rds\lib\client.js:38:20)
    at RDSClient.proto.query (C:\Users\Administrator\Desktop\js笔记\object\server\node_modules\_ali-rds@3.4.0@ali-rds\lib\operator.js:54:29)
    at proto.query.next (<anonymous>)
    at onFulfilled (C:\Users\Administrator\Desktop\js笔记\object\server\node_modules\_co@4.6.0@co\index.js:65:19)
    at C:\Users\Administrator\Desktop\js笔记\object\server\node_modules\_co@4.6.0@co\index.js:54:5
    sql: SELECT `author`, `title` FROM `notice` WHERE `status` = 1 ORDER BY `created_at` DESC, `id` DESC LIMIT 1, 5
code: "ER_BAD_FIELD_ERROR"
errno: 1054
sqlMessage: "Unknown column 'author' in 'field list'"
sqlState: "42S22"
index: 0
sql: "SELECT `author`, `title` FROM `notice` WHERE `status` = 1 ORDER BY `created_at` DESC, `id` DESC LIMIT 1, 5"
headers: {"Access-Control-Allow-Origin":"http://localhost","Access-Control-Allow-Credentials":"true","vary":"Origin"}
name: "ER_BAD_FIELD_ERRORError"
pid: 6952
hostname: SC-202006081301

2020-10-10 17:46:17,163 ERROR 19540 [-/192.168.5.151/-/2ms POST /upload] nodejs.TypeError: Cannot read property '0' of undefined
    at UploadController.index (C:\Users\Administrator\Desktop\js笔记\object\server\app\controller\upload.js:10:37)
    at Object.callFn (C:\Users\Administrator\Desktop\js笔记\object\server\node_modules\_egg-core@4.20.0@egg-core\lib\utils\index.js:44:21)
    at Object.classControllerMiddleware (C:\Users\Administrator\Desktop\js笔记\object\server\node_modules\_egg-core@4.20.0@egg-core\lib\loader\mixin\controller.js:87:20)
    at Object.callFn (C:\Users\Administrator\Desktop\js笔记\object\server\node_modules\_@eggjs_router@2.0.0@@eggjs\router\lib\utils.js:12:21)
    at wrappedController (C:\Users\Administrator\Desktop\js笔记\object\server\node_modules\_@eggjs_router@2.0.0@@eggjs\router\lib\egg_router.js:322:18)
    at dispatch (C:\Users\Administrator\Desktop\js笔记\object\server\node_modules\_koa-compose@3.2.1@koa-compose\index.js:44:32)
    at next (C:\Users\Administrator\Desktop\js笔记\object\server\node_modules\_koa-compose@3.2.1@koa-compose\index.js:45:18)
    at C:\Users\Administrator\Desktop\js笔记\object\server\node_modules\_@eggjs_router@2.0.0@@eggjs\router\lib\router.js:190:18
    at dispatch (C:\Users\Administrator\Desktop\js笔记\object\server\node_modules\_koa-compose@3.2.1@koa-compose\index.js:44:32)
    at C:\Users\Administrator\Desktop\js笔记\object\server\node_modules\_koa-compose@3.2.1@koa-compose\index.js:36:12
headers: {"Access-Control-Allow-Origin":"http://localhost","Access-Control-Allow-Credentials":"true","vary":"Origin"}
pid: 19540
hostname: SC-202006081301

2020-10-13 14:53:53,427 ERROR 15336 [-/192.168.5.151/-/30ms POST /userlogin] nodejs.TypeError: codereg.test is not a function
    at LoginController.userindex (C:\Users\Administrator\Desktop\js笔记\object\server\app\controller\login.js:63:29)
    at processTicksAndRejections (internal/process/task_queues.js:97:5)
    at async C:\Users\Administrator\Desktop\js笔记\object\server\node_modules\_egg-development@2.7.0@egg-development\app\middleware\egg_loader_trace.js:9:50
    at async xframe (C:\Users\Administrator\Desktop\js笔记\object\server\node_modules\_egg-security@2.8.0@egg-security\lib\middlewares\xframe.js:7:5)
    at async xssProtection (C:\Users\Administrator\Desktop\js笔记\object\server\node_modules\_egg-security@2.8.0@egg-security\lib\middlewares\xssProtection.js:7:5)
    at async nosniff (C:\Users\Administrator\Desktop\js笔记\object\server\node_modules\_egg-security@2.8.0@egg-security\lib\middlewares\nosniff.js:8:5)
    at async noopen (C:\Users\Administrator\Desktop\js笔记\object\server\node_modules\_egg-security@2.8.0@egg-security\lib\middlewares\noopen.js:8:5)
    at async session (C:\Users\Administrator\Desktop\js笔记\object\server\node_modules\_koa-session@6.0.0@koa-session\index.js:41:7)
    at async bodyParser (C:\Users\Administrator\Desktop\js笔记\object\server\node_modules\_koa-bodyparser@4.3.0@koa-bodyparser\index.js:95:5)
    at async C:\Users\Administrator\Desktop\js笔记\object\server\node_modules\_koa-static-cache@5.1.4@koa-static-cache\index.js:39:63
headers: {"Access-Control-Allow-Origin":"http://localhost","Access-Control-Allow-Credentials":"true","vary":"Origin"}
pid: 15336
hostname: SC-202006081301

2020-10-13 14:53:56,694 ERROR 15336 [-/192.168.5.151/-/2ms POST /userlogin] nodejs.TypeError: codereg.test is not a function
    at LoginController.userindex (C:\Users\Administrator\Desktop\js笔记\object\server\app\controller\login.js:63:29)
    at processTicksAndRejections (internal/process/task_queues.js:97:5)
    at async C:\Users\Administrator\Desktop\js笔记\object\server\node_modules\_egg-development@2.7.0@egg-development\app\middleware\egg_loader_trace.js:9:50
    at async xframe (C:\Users\Administrator\Desktop\js笔记\object\server\node_modules\_egg-security@2.8.0@egg-security\lib\middlewares\xframe.js:7:5)
    at async xssProtection (C:\Users\Administrator\Desktop\js笔记\object\server\node_modules\_egg-security@2.8.0@egg-security\lib\middlewares\xssProtection.js:7:5)
    at async nosniff (C:\Users\Administrator\Desktop\js笔记\object\server\node_modules\_egg-security@2.8.0@egg-security\lib\middlewares\nosniff.js:8:5)
    at async noopen (C:\Users\Administrator\Desktop\js笔记\object\server\node_modules\_egg-security@2.8.0@egg-security\lib\middlewares\noopen.js:8:5)
    at async session (C:\Users\Administrator\Desktop\js笔记\object\server\node_modules\_koa-session@6.0.0@koa-session\index.js:41:7)
    at async bodyParser (C:\Users\Administrator\Desktop\js笔记\object\server\node_modules\_koa-bodyparser@4.3.0@koa-bodyparser\index.js:95:5)
    at async C:\Users\Administrator\Desktop\js笔记\object\server\node_modules\_koa-static-cache@5.1.4@koa-static-cache\index.js:39:63
headers: {"Access-Control-Allow-Origin":"http://localhost","Access-Control-Allow-Credentials":"true","vary":"Origin"}
pid: 15336
hostname: SC-202006081301

2020-10-13 14:54:48,986 ERROR 15644 [-/192.168.5.151/-/26ms POST /userlogin] nodejs.TypeError: codereg.test is not a function
    at LoginController.userindex (C:\Users\Administrator\Desktop\js笔记\object\server\app\controller\login.js:63:29)
    at processTicksAndRejections (internal/process/task_queues.js:97:5)
    at async C:\Users\Administrator\Desktop\js笔记\object\server\node_modules\_egg-development@2.7.0@egg-development\app\middleware\egg_loader_trace.js:9:50
    at async xframe (C:\Users\Administrator\Desktop\js笔记\object\server\node_modules\_egg-security@2.8.0@egg-security\lib\middlewares\xframe.js:7:5)
    at async xssProtection (C:\Users\Administrator\Desktop\js笔记\object\server\node_modules\_egg-security@2.8.0@egg-security\lib\middlewares\xssProtection.js:7:5)
    at async nosniff (C:\Users\Administrator\Desktop\js笔记\object\server\node_modules\_egg-security@2.8.0@egg-security\lib\middlewares\nosniff.js:8:5)
    at async noopen (C:\Users\Administrator\Desktop\js笔记\object\server\node_modules\_egg-security@2.8.0@egg-security\lib\middlewares\noopen.js:8:5)
    at async session (C:\Users\Administrator\Desktop\js笔记\object\server\node_modules\_koa-session@6.0.0@koa-session\index.js:41:7)
    at async bodyParser (C:\Users\Administrator\Desktop\js笔记\object\server\node_modules\_koa-bodyparser@4.3.0@koa-bodyparser\index.js:95:5)
    at async C:\Users\Administrator\Desktop\js笔记\object\server\node_modules\_koa-static-cache@5.1.4@koa-static-cache\index.js:39:63
headers: {"Access-Control-Allow-Origin":"http://localhost","Access-Control-Allow-Credentials":"true","vary":"Origin"}
pid: 15644
hostname: SC-202006081301

2020-10-13 15:07:11,334 ERROR 15720 [-/192.168.5.151/-/32ms POST /userlogin] nodejs.TypeError: codereg.test is not a function
    at LoginController.userindex (C:\Users\Administrator\Desktop\js笔记\object\server\app\controller\login.js:63:29)
    at processTicksAndRejections (internal/process/task_queues.js:97:5)
    at async C:\Users\Administrator\Desktop\js笔记\object\server\node_modules\_egg-development@2.7.0@egg-development\app\middleware\egg_loader_trace.js:9:50
    at async xframe (C:\Users\Administrator\Desktop\js笔记\object\server\node_modules\_egg-security@2.8.0@egg-security\lib\middlewares\xframe.js:7:5)
    at async xssProtection (C:\Users\Administrator\Desktop\js笔记\object\server\node_modules\_egg-security@2.8.0@egg-security\lib\middlewares\xssProtection.js:7:5)
    at async nosniff (C:\Users\Administrator\Desktop\js笔记\object\server\node_modules\_egg-security@2.8.0@egg-security\lib\middlewares\nosniff.js:8:5)
    at async noopen (C:\Users\Administrator\Desktop\js笔记\object\server\node_modules\_egg-security@2.8.0@egg-security\lib\middlewares\noopen.js:8:5)
    at async session (C:\Users\Administrator\Desktop\js笔记\object\server\node_modules\_koa-session@6.0.0@koa-session\index.js:41:7)
    at async bodyParser (C:\Users\Administrator\Desktop\js笔记\object\server\node_modules\_koa-bodyparser@4.3.0@koa-bodyparser\index.js:95:5)
    at async C:\Users\Administrator\Desktop\js笔记\object\server\node_modules\_koa-static-cache@5.1.4@koa-static-cache\index.js:39:63
headers: {"Access-Control-Allow-Origin":"http://localhost","Access-Control-Allow-Credentials":"true","vary":"Origin"}
pid: 15720
hostname: SC-202006081301

2020-10-13 15:50:08,755 ERROR 8356 [-/192.168.5.151/-/32ms POST /userlogin] nodejs.TypeError: codereg.test is not a function
    at LoginController.userindex (C:\Users\Administrator\Desktop\js笔记\object\server\app\controller\login.js:63:29)
    at processTicksAndRejections (internal/process/task_queues.js:97:5)
    at async C:\Users\Administrator\Desktop\js笔记\object\server\node_modules\_egg-development@2.7.0@egg-development\app\middleware\egg_loader_trace.js:9:50
    at async xframe (C:\Users\Administrator\Desktop\js笔记\object\server\node_modules\_egg-security@2.8.0@egg-security\lib\middlewares\xframe.js:7:5)
    at async xssProtection (C:\Users\Administrator\Desktop\js笔记\object\server\node_modules\_egg-security@2.8.0@egg-security\lib\middlewares\xssProtection.js:7:5)
    at async nosniff (C:\Users\Administrator\Desktop\js笔记\object\server\node_modules\_egg-security@2.8.0@egg-security\lib\middlewares\nosniff.js:8:5)
    at async noopen (C:\Users\Administrator\Desktop\js笔记\object\server\node_modules\_egg-security@2.8.0@egg-security\lib\middlewares\noopen.js:8:5)
    at async session (C:\Users\Administrator\Desktop\js笔记\object\server\node_modules\_koa-session@6.0.0@koa-session\index.js:41:7)
    at async bodyParser (C:\Users\Administrator\Desktop\js笔记\object\server\node_modules\_koa-bodyparser@4.3.0@koa-bodyparser\index.js:95:5)
    at async C:\Users\Administrator\Desktop\js笔记\object\server\node_modules\_koa-static-cache@5.1.4@koa-static-cache\index.js:39:63
headers: {"Access-Control-Allow-Origin":"http://localhost","Access-Control-Allow-Credentials":"true","vary":"Origin"}
pid: 8356
hostname: SC-202006081301

2020-10-13 16:23:59,418 ERROR 15392 [-/192.168.5.151/-/39ms POST /userlogin] nodejs.TypeError: codereg.test is not a function
    at LoginController.userindex (C:\Users\Administrator\Desktop\js笔记\object\server\app\controller\login.js:63:29)
    at processTicksAndRejections (internal/process/task_queues.js:97:5)
    at async C:\Users\Administrator\Desktop\js笔记\object\server\node_modules\_egg-development@2.7.0@egg-development\app\middleware\egg_loader_trace.js:9:50
    at async xframe (C:\Users\Administrator\Desktop\js笔记\object\server\node_modules\_egg-security@2.8.0@egg-security\lib\middlewares\xframe.js:7:5)
    at async xssProtection (C:\Users\Administrator\Desktop\js笔记\object\server\node_modules\_egg-security@2.8.0@egg-security\lib\middlewares\xssProtection.js:7:5)
    at async nosniff (C:\Users\Administrator\Desktop\js笔记\object\server\node_modules\_egg-security@2.8.0@egg-security\lib\middlewares\nosniff.js:8:5)
    at async noopen (C:\Users\Administrator\Desktop\js笔记\object\server\node_modules\_egg-security@2.8.0@egg-security\lib\middlewares\noopen.js:8:5)
    at async session (C:\Users\Administrator\Desktop\js笔记\object\server\node_modules\_koa-session@6.0.0@koa-session\index.js:41:7)
    at async bodyParser (C:\Users\Administrator\Desktop\js笔记\object\server\node_modules\_koa-bodyparser@4.3.0@koa-bodyparser\index.js:95:5)
    at async C:\Users\Administrator\Desktop\js笔记\object\server\node_modules\_koa-static-cache@5.1.4@koa-static-cache\index.js:39:63
headers: {"Access-Control-Allow-Origin":"http://localhost","Access-Control-Allow-Credentials":"true","vary":"Origin"}
pid: 15392
hostname: SC-202006081301

2020-10-28 17:18:33,824 WARN 23088 A client (::1:7763) error [HPE_INVALID_METHOD] occurred: Parse Error: Invalid method encountered
2020-10-28 17:18:33,831 WARN 23088 A client (::1:7783) error [HPE_INVALID_METHOD] occurred: Parse Error: Invalid method encountered
2020-10-28 17:18:33,837 WARN 23088 A client (::1:7841) error [HPE_INVALID_METHOD] occurred: Parse Error: Invalid method encountered
2020-10-28 17:18:33,844 WARN 23088 A client (::1:7877) error [HPE_INVALID_METHOD] occurred: Parse Error: Invalid method encountered
2020-10-28 17:18:33,899 WARN 23088 A client (::1:10193) error [HPE_INVALID_METHOD] occurred: Parse Error: Invalid method encountered
2020-10-28 17:18:33,902 WARN 23088 A client (::1:10196) error [HPE_INVALID_METHOD] occurred: Parse Error: Invalid method encountered
2020-10-28 17:18:33,906 WARN 23088 A client (::1:10204) error [HPE_INVALID_METHOD] occurred: Parse Error: Invalid method encountered
2020-10-28 17:18:33,908 WARN 23088 A client (::1:10239) error [HPE_INVALID_METHOD] occurred: Parse Error: Invalid method encountered
2020-10-28 17:18:33,911 WARN 23088 A client (::1:10242) error [HPE_INVALID_METHOD] occurred: Parse Error: Invalid method encountered
2020-10-28 17:18:33,913 WARN 23088 A client (::1:10248) error [HPE_INVALID_METHOD] occurred: Parse Error: Invalid method encountered
2020-10-28 17:18:33,918 WARN 23088 A client (::1:10259) error [HPE_INVALID_METHOD] occurred: Parse Error: Invalid method encountered
2020-10-28 17:18:33,921 WARN 23088 A client (::1:10299) error [HPE_INVALID_METHOD] occurred: Parse Error: Invalid method encountered
2020-10-28 17:18:33,923 WARN 23088 A client (::1:10323) error [HPE_INVALID_METHOD] occurred: Parse Error: Invalid method encountered
2020-10-28 17:18:33,926 WARN 23088 A client (::1:10424) error [HPE_INVALID_METHOD] occurred: Parse Error: Invalid method encountered
2020-10-28 17:18:33,927 WARN 23088 A client (::1:10431) error [HPE_INVALID_METHOD] occurred: Parse Error: Invalid method encountered
2020-10-28 17:18:33,932 WARN 23088 A client (::1:10454) error [HPE_INVALID_METHOD] occurred: Parse Error: Invalid method encountered
2020-10-28 17:18:33,935 WARN 23088 A client (::1:10455) error [HPE_INVALID_METHOD] occurred: Parse Error: Invalid method encountered
2020-10-28 17:18:33,937 WARN 23088 A client (::1:10457) error [HPE_INVALID_METHOD] occurred: Parse Error: Invalid method encountered
2020-10-28 17:18:33,944 WARN 23088 A client (::1:10458) error [HPE_INVALID_METHOD] occurred: Parse Error: Invalid method encountered
2020-10-28 17:18:33,947 WARN 23088 A client (::1:10462) error [HPE_INVALID_METHOD] occurred: Parse Error: Invalid method encountered
2020-10-28 17:18:33,949 WARN 23088 A client (::1:10472) error [HPE_INVALID_METHOD] occurred: Parse Error: Invalid method encountered
2020-10-28 17:18:33,953 WARN 23088 A client (::1:10502) error [HPE_INVALID_METHOD] occurred: Parse Error: Invalid method encountered
2020-10-28 17:18:33,955 WARN 23088 A client (::1:10505) error [HPE_INVALID_METHOD] occurred: Parse Error: Invalid method encountered
2020-10-28 17:18:33,957 WARN 23088 A client (::1:10507) error [HPE_INVALID_METHOD] occurred: Parse Error: Invalid method encountered
2020-10-28 17:18:33,959 WARN 23088 A client (::1:10808) error [HPE_INVALID_METHOD] occurred: Parse Error: Invalid method encountered
2020-10-28 17:27:48,326 WARN 6276 A client (::1:11719) error [HPE_INVALID_METHOD] occurred: Parse Error: Invalid method encountered
2020-10-28 17:27:48,328 WARN 6276 A client (::1:11719) error [HPE_INVALID_METHOD] occurred: Parse Error: Invalid method encountered
2020-10-28 17:27:48,329 WARN 6276 A client (::1:11720) error [HPE_INVALID_METHOD] occurred: Parse Error: Invalid method encountered
2020-10-28 17:27:48,330 WARN 6276 A client (::1:11720) error [HPE_INVALID_METHOD] occurred: Parse Error: Invalid method encountered
2020-10-28 17:48:13,637 ERROR 28952 [-/127.0.0.1/-/2ms POST /userlogin] nodejs.TypeError: Cannot read property 'name' of undefined
    at UserService.login (C:\Users\Administrator\Desktop\server\app\service\user.js:6:86)
    at UserController.login (C:\Users\Administrator\Desktop\server\app\controller\userlogin.js:9:36)
    at Object.callFn (C:\Users\Administrator\Desktop\server\node_modules\_egg-core@4.20.0@egg-core\lib\utils\index.js:44:21)
    at Object.classControllerMiddleware (C:\Users\Administrator\Desktop\server\node_modules\_egg-core@4.20.0@egg-core\lib\loader\mixin\controller.js:87:20)
    at Object.callFn (C:\Users\Administrator\Desktop\server\node_modules\_@eggjs_router@2.0.0@@eggjs\router\lib\utils.js:12:21)
    at wrappedController (C:\Users\Administrator\Desktop\server\node_modules\_@eggjs_router@2.0.0@@eggjs\router\lib\egg_router.js:322:18)
    at dispatch (C:\Users\Administrator\Desktop\server\node_modules\_koa-compose@3.2.1@koa-compose\index.js:44:32)
    at next (C:\Users\Administrator\Desktop\server\node_modules\_koa-compose@3.2.1@koa-compose\index.js:45:18)
    at C:\Users\Administrator\Desktop\server\node_modules\_@eggjs_router@2.0.0@@eggjs\router\lib\router.js:190:18
    at dispatch (C:\Users\Administrator\Desktop\server\node_modules\_koa-compose@3.2.1@koa-compose\index.js:44:32)
headers: {"Access-Control-Allow-Origin":"http://localhost","Access-Control-Allow-Credentials":"true","vary":"Origin"}
pid: 28952
hostname: BN6BA2A2TJYV3R8

2020-10-28 17:48:29,347 ERROR 28952 [-/127.0.0.1/-/0ms POST /userlogin] nodejs.TypeError: Cannot read property 'name' of undefined
    at UserService.login (C:\Users\Administrator\Desktop\server\app\service\user.js:6:86)
    at UserController.login (C:\Users\Administrator\Desktop\server\app\controller\userlogin.js:9:36)
    at Object.callFn (C:\Users\Administrator\Desktop\server\node_modules\_egg-core@4.20.0@egg-core\lib\utils\index.js:44:21)
    at Object.classControllerMiddleware (C:\Users\Administrator\Desktop\server\node_modules\_egg-core@4.20.0@egg-core\lib\loader\mixin\controller.js:87:20)
    at Object.callFn (C:\Users\Administrator\Desktop\server\node_modules\_@eggjs_router@2.0.0@@eggjs\router\lib\utils.js:12:21)
    at wrappedController (C:\Users\Administrator\Desktop\server\node_modules\_@eggjs_router@2.0.0@@eggjs\router\lib\egg_router.js:322:18)
    at dispatch (C:\Users\Administrator\Desktop\server\node_modules\_koa-compose@3.2.1@koa-compose\index.js:44:32)
    at next (C:\Users\Administrator\Desktop\server\node_modules\_koa-compose@3.2.1@koa-compose\index.js:45:18)
    at C:\Users\Administrator\Desktop\server\node_modules\_@eggjs_router@2.0.0@@eggjs\router\lib\router.js:190:18
    at dispatch (C:\Users\Administrator\Desktop\server\node_modules\_koa-compose@3.2.1@koa-compose\index.js:44:32)
headers: {"Access-Control-Allow-Origin":"http://localhost","Access-Control-Allow-Credentials":"true","vary":"Origin"}
pid: 28952
hostname: BN6BA2A2TJYV3R8

2020-10-28 17:48:51,301 ERROR 28952 [-/127.0.0.1/-/1ms POST /userlogin] nodejs.TypeError: Cannot read property 'name' of undefined
    at UserService.login (C:\Users\Administrator\Desktop\server\app\service\user.js:6:86)
    at UserController.login (C:\Users\Administrator\Desktop\server\app\controller\userlogin.js:9:36)
    at Object.callFn (C:\Users\Administrator\Desktop\server\node_modules\_egg-core@4.20.0@egg-core\lib\utils\index.js:44:21)
    at Object.classControllerMiddleware (C:\Users\Administrator\Desktop\server\node_modules\_egg-core@4.20.0@egg-core\lib\loader\mixin\controller.js:87:20)
    at Object.callFn (C:\Users\Administrator\Desktop\server\node_modules\_@eggjs_router@2.0.0@@eggjs\router\lib\utils.js:12:21)
    at wrappedController (C:\Users\Administrator\Desktop\server\node_modules\_@eggjs_router@2.0.0@@eggjs\router\lib\egg_router.js:322:18)
    at dispatch (C:\Users\Administrator\Desktop\server\node_modules\_koa-compose@3.2.1@koa-compose\index.js:44:32)
    at next (C:\Users\Administrator\Desktop\server\node_modules\_koa-compose@3.2.1@koa-compose\index.js:45:18)
    at C:\Users\Administrator\Desktop\server\node_modules\_@eggjs_router@2.0.0@@eggjs\router\lib\router.js:190:18
    at dispatch (C:\Users\Administrator\Desktop\server\node_modules\_koa-compose@3.2.1@koa-compose\index.js:44:32)
headers: {"Access-Control-Allow-Origin":"http://localhost","Access-Control-Allow-Credentials":"true","vary":"Origin"}
pid: 28952
hostname: BN6BA2A2TJYV3R8

2020-10-28 17:49:42,401 ERROR 29508 [-/127.0.0.1/-/30ms POST /userlogin] nodejs.TypeError: Cannot read property 'name' of undefined
    at UserService.login (C:\Users\Administrator\Desktop\server\app\service\user.js:7:86)
    at UserController.login (C:\Users\Administrator\Desktop\server\app\controller\userlogin.js:9:36)
    at Object.callFn (C:\Users\Administrator\Desktop\server\node_modules\_egg-core@4.20.0@egg-core\lib\utils\index.js:44:21)
    at Object.classControllerMiddleware (C:\Users\Administrator\Desktop\server\node_modules\_egg-core@4.20.0@egg-core\lib\loader\mixin\controller.js:87:20)
    at Object.callFn (C:\Users\Administrator\Desktop\server\node_modules\_@eggjs_router@2.0.0@@eggjs\router\lib\utils.js:12:21)
    at wrappedController (C:\Users\Administrator\Desktop\server\node_modules\_@eggjs_router@2.0.0@@eggjs\router\lib\egg_router.js:322:18)
    at dispatch (C:\Users\Administrator\Desktop\server\node_modules\_koa-compose@3.2.1@koa-compose\index.js:44:32)
    at next (C:\Users\Administrator\Desktop\server\node_modules\_koa-compose@3.2.1@koa-compose\index.js:45:18)
    at C:\Users\Administrator\Desktop\server\node_modules\_@eggjs_router@2.0.0@@eggjs\router\lib\router.js:190:18
    at dispatch (C:\Users\Administrator\Desktop\server\node_modules\_koa-compose@3.2.1@koa-compose\index.js:44:32)
headers: {"Access-Control-Allow-Origin":"http://localhost","Access-Control-Allow-Credentials":"true","vary":"Origin"}
pid: 29508
hostname: BN6BA2A2TJYV3R8

2020-10-28 17:51:25,366 ERROR 28768 [-/127.0.0.1/-/23ms POST /userlogin] nodejs.ReferenceError: user is not defined
    at UserService.login (C:\Users\Administrator\Desktop\server\app\service\user.js:6:15)
    at UserController.login (C:\Users\Administrator\Desktop\server\app\controller\userlogin.js:9:36)
    at Object.callFn (C:\Users\Administrator\Desktop\server\node_modules\_egg-core@4.20.0@egg-core\lib\utils\index.js:44:21)
    at Object.classControllerMiddleware (C:\Users\Administrator\Desktop\server\node_modules\_egg-core@4.20.0@egg-core\lib\loader\mixin\controller.js:87:20)
    at Object.callFn (C:\Users\Administrator\Desktop\server\node_modules\_@eggjs_router@2.0.0@@eggjs\router\lib\utils.js:12:21)
    at wrappedController (C:\Users\Administrator\Desktop\server\node_modules\_@eggjs_router@2.0.0@@eggjs\router\lib\egg_router.js:322:18)
    at dispatch (C:\Users\Administrator\Desktop\server\node_modules\_koa-compose@3.2.1@koa-compose\index.js:44:32)
    at next (C:\Users\Administrator\Desktop\server\node_modules\_koa-compose@3.2.1@koa-compose\index.js:45:18)
    at C:\Users\Administrator\Desktop\server\node_modules\_@eggjs_router@2.0.0@@eggjs\router\lib\router.js:190:18
    at dispatch (C:\Users\Administrator\Desktop\server\node_modules\_koa-compose@3.2.1@koa-compose\index.js:44:32)
headers: {"Access-Control-Allow-Origin":"http://localhost","Access-Control-Allow-Credentials":"true","vary":"Origin"}
pid: 28768
hostname: BN6BA2A2TJYV3R8

2020-10-28 17:54:18,439 ERROR 19896 [-/127.0.0.1/-/44ms POST /userlogin] nodejs.ER_BAD_FIELD_ERRORError: ER_BAD_FIELD_ERROR: Unknown column 'undefined' in 'where clause'
    at Query.Sequence._packetToError (C:\Users\Administrator\Desktop\server\node_modules\_mysql@2.18.1@mysql\lib\protocol\sequences\Sequence.js:47:14)
    at Query.ErrorPacket (C:\Users\Administrator\Desktop\server\node_modules\_mysql@2.18.1@mysql\lib\protocol\sequences\Query.js:79:18)
    at Protocol._parsePacket (C:\Users\Administrator\Desktop\server\node_modules\_mysql@2.18.1@mysql\lib\protocol\Protocol.js:291:23)
    at Parser._parsePacket (C:\Users\Administrator\Desktop\server\node_modules\_mysql@2.18.1@mysql\lib\protocol\Parser.js:433:10)
    at Parser.write (C:\Users\Administrator\Desktop\server\node_modules\_mysql@2.18.1@mysql\lib\protocol\Parser.js:43:10)
    at Protocol.write (C:\Users\Administrator\Desktop\server\node_modules\_mysql@2.18.1@mysql\lib\protocol\Protocol.js:38:16)
    at Socket.<anonymous> (C:\Users\Administrator\Desktop\server\node_modules\_mysql@2.18.1@mysql\lib\Connection.js:88:28)
    at Socket.<anonymous> (C:\Users\Administrator\Desktop\server\node_modules\_mysql@2.18.1@mysql\lib\Connection.js:526:10)
    at Socket.emit (events.js:315:20)
    at addChunk (_stream_readable.js:295:12)
    --------------------
    at Pool.query (C:\Users\Administrator\Desktop\server\node_modules\_mysql@2.18.1@mysql\lib\Pool.js:199:23)
    at C:\Users\Administrator\Desktop\server\node_modules\_pify@2.3.0@pify\index.js:29:7
    at new Promise (<anonymous>)
    at Pool.<anonymous> (C:\Users\Administrator\Desktop\server\node_modules\_pify@2.3.0@pify\index.js:12:10)
    at Pool.ret [as query] (C:\Users\Administrator\Desktop\server\node_modules\_pify@2.3.0@pify\index.js:56:34)
    at RDSClient.proto._query (C:\Users\Administrator\Desktop\server\node_modules\_ali-rds@3.4.0@ali-rds\lib\client.js:38:20)
    at RDSClient.proto.query (C:\Users\Administrator\Desktop\server\node_modules\_ali-rds@3.4.0@ali-rds\lib\operator.js:54:29)
    at proto.query.next (<anonymous>)
    at onFulfilled (C:\Users\Administrator\Desktop\server\node_modules\_co@4.6.0@co\index.js:65:19)
    at C:\Users\Administrator\Desktop\server\node_modules\_co@4.6.0@co\index.js:54:5
    sql: select *  from user where username=undefined
code: "ER_BAD_FIELD_ERROR"
errno: 1054
sqlMessage: "Unknown column 'undefined' in 'where clause'"
sqlState: "42S22"
index: 0
sql: "select *  from user where username=undefined"
headers: {"Access-Control-Allow-Origin":"http://localhost","Access-Control-Allow-Credentials":"true","vary":"Origin"}
name: "ER_BAD_FIELD_ERRORError"
pid: 19896
hostname: BN6BA2A2TJYV3R8

2020-10-28 17:54:35,480 ERROR 23272 [-/127.0.0.1/-/34ms POST /userlogin] nodejs.ER_BAD_FIELD_ERRORError: ER_BAD_FIELD_ERROR: Unknown column 'lisa' in 'where clause'
    at Query.Sequence._packetToError (C:\Users\Administrator\Desktop\server\node_modules\_mysql@2.18.1@mysql\lib\protocol\sequences\Sequence.js:47:14)
    at Query.ErrorPacket (C:\Users\Administrator\Desktop\server\node_modules\_mysql@2.18.1@mysql\lib\protocol\sequences\Query.js:79:18)
    at Protocol._parsePacket (C:\Users\Administrator\Desktop\server\node_modules\_mysql@2.18.1@mysql\lib\protocol\Protocol.js:291:23)
    at Parser._parsePacket (C:\Users\Administrator\Desktop\server\node_modules\_mysql@2.18.1@mysql\lib\protocol\Parser.js:433:10)
    at Parser.write (C:\Users\Administrator\Desktop\server\node_modules\_mysql@2.18.1@mysql\lib\protocol\Parser.js:43:10)
    at Protocol.write (C:\Users\Administrator\Desktop\server\node_modules\_mysql@2.18.1@mysql\lib\protocol\Protocol.js:38:16)
    at Socket.<anonymous> (C:\Users\Administrator\Desktop\server\node_modules\_mysql@2.18.1@mysql\lib\Connection.js:88:28)
    at Socket.<anonymous> (C:\Users\Administrator\Desktop\server\node_modules\_mysql@2.18.1@mysql\lib\Connection.js:526:10)
    at Socket.emit (events.js:315:20)
    at addChunk (_stream_readable.js:295:12)
    --------------------
    at Pool.query (C:\Users\Administrator\Desktop\server\node_modules\_mysql@2.18.1@mysql\lib\Pool.js:199:23)
    at C:\Users\Administrator\Desktop\server\node_modules\_pify@2.3.0@pify\index.js:29:7
    at new Promise (<anonymous>)
    at Pool.<anonymous> (C:\Users\Administrator\Desktop\server\node_modules\_pify@2.3.0@pify\index.js:12:10)
    at Pool.ret [as query] (C:\Users\Administrator\Desktop\server\node_modules\_pify@2.3.0@pify\index.js:56:34)
    at RDSClient.proto._query (C:\Users\Administrator\Desktop\server\node_modules\_ali-rds@3.4.0@ali-rds\lib\client.js:38:20)
    at RDSClient.proto.query (C:\Users\Administrator\Desktop\server\node_modules\_ali-rds@3.4.0@ali-rds\lib\operator.js:54:29)
    at proto.query.next (<anonymous>)
    at onFulfilled (C:\Users\Administrator\Desktop\server\node_modules\_co@4.6.0@co\index.js:65:19)
    at C:\Users\Administrator\Desktop\server\node_modules\_co@4.6.0@co\index.js:54:5
    sql: select *  from user where username=lisa
code: "ER_BAD_FIELD_ERROR"
errno: 1054
sqlMessage: "Unknown column 'lisa' in 'where clause'"
sqlState: "42S22"
index: 0
sql: "select *  from user where username=lisa"
headers: {"Access-Control-Allow-Origin":"http://localhost","Access-Control-Allow-Credentials":"true","vary":"Origin"}
name: "ER_BAD_FIELD_ERRORError"
pid: 23272
hostname: BN6BA2A2TJYV3R8

2020-10-28 17:55:35,430 ERROR 30724 [-/127.0.0.1/-/35ms POST /userlogin] nodejs.ReferenceError: user is not defined
    at UserService.login (C:\Users\Administrator\Desktop\server\app\service\user.js:14:4)
    at processTicksAndRejections (internal/process/task_queues.js:97:5)
    at async UserController.login (C:\Users\Administrator\Desktop\server\app\controller\userlogin.js:11:13)
    at async C:\Users\Administrator\Desktop\server\node_modules\_egg-development@2.7.0@egg-development\app\middleware\egg_loader_trace.js:9:50
    at async xframe (C:\Users\Administrator\Desktop\server\node_modules\_egg-security@2.8.0@egg-security\lib\middlewares\xframe.js:7:5)
    at async xssProtection (C:\Users\Administrator\Desktop\server\node_modules\_egg-security@2.8.0@egg-security\lib\middlewares\xssProtection.js:7:5)
    at async nosniff (C:\Users\Administrator\Desktop\server\node_modules\_egg-security@2.8.0@egg-security\lib\middlewares\nosniff.js:8:5)
    at async noopen (C:\Users\Administrator\Desktop\server\node_modules\_egg-security@2.8.0@egg-security\lib\middlewares\noopen.js:8:5)
    at async session (C:\Users\Administrator\Desktop\server\node_modules\_koa-session@6.1.0@koa-session\index.js:41:7)
    at async bodyParser (C:\Users\Administrator\Desktop\server\node_modules\_koa-bodyparser@4.3.0@koa-bodyparser\index.js:95:5)
headers: {"Access-Control-Allow-Origin":"http://localhost","Access-Control-Allow-Credentials":"true","vary":"Origin"}
pid: 30724
hostname: BN6BA2A2TJYV3R8

2020-10-28 17:56:40,729 WARN 4588 A client (127.0.0.1:13464) error [HPE_INVALID_METHOD] occurred: Parse Error: Invalid method encountered
2020-10-28 17:56:40,731 WARN 4588 A client (127.0.0.1:13464) error [HPE_INVALID_METHOD] occurred: Parse Error: Invalid method encountered
2020-10-28 17:56:40,980 WARN 4588 A client (127.0.0.1:13466) error [HPE_INVALID_METHOD] occurred: Parse Error: Invalid method encountered
2020-10-28 17:56:40,981 WARN 4588 A client (127.0.0.1:13466) error [HPE_INVALID_METHOD] occurred: Parse Error: Invalid method encountered
2020-10-28 17:56:41,034 WARN 4588 A client (127.0.0.1:13468) error [HPE_INVALID_METHOD] occurred: Parse Error: Invalid method encountered
2020-10-28 17:56:41,035 WARN 4588 A client (127.0.0.1:13468) error [HPE_INVALID_METHOD] occurred: Parse Error: Invalid method encountered
2020-10-28 17:56:41,284 WARN 4588 A client (127.0.0.1:13470) error [HPE_INVALID_METHOD] occurred: Parse Error: Invalid method encountered
2020-10-28 17:56:41,285 WARN 4588 A client (127.0.0.1:13470) error [HPE_INVALID_METHOD] occurred: Parse Error: Invalid method encountered
2020-10-28 17:57:51,240 WARN 28856 A client (127.0.0.1:13540) error [HPE_INVALID_METHOD] occurred: Parse Error: Invalid method encountered
2020-10-28 17:57:51,241 WARN 28856 A client (127.0.0.1:13540) error [HPE_INVALID_METHOD] occurred: Parse Error: Invalid method encountered
2020-10-28 17:57:51,489 WARN 28856 A client (127.0.0.1:13543) error [HPE_INVALID_METHOD] occurred: Parse Error: Invalid method encountered
2020-10-28 17:57:51,491 WARN 28856 A client (127.0.0.1:13543) error [HPE_INVALID_METHOD] occurred: Parse Error: Invalid method encountered
2020-10-28 17:57:51,544 WARN 28856 A client (127.0.0.1:13545) error [HPE_INVALID_METHOD] occurred: Parse Error: Invalid method encountered
2020-10-28 17:57:51,545 WARN 28856 A client (127.0.0.1:13545) error [HPE_INVALID_METHOD] occurred: Parse Error: Invalid method encountered
2020-10-28 17:57:51,794 WARN 28856 A client (127.0.0.1:13546) error [HPE_INVALID_METHOD] occurred: Parse Error: Invalid method encountered
2020-10-28 17:57:51,795 WARN 28856 A client (127.0.0.1:13546) error [HPE_INVALID_METHOD] occurred: Parse Error: Invalid method encountered
2020-10-28 17:58:28,207 WARN 10720 A client (127.0.0.1:13586) error [HPE_INVALID_METHOD] occurred: Parse Error: Invalid method encountered
2020-10-28 17:58:28,209 WARN 10720 A client (127.0.0.1:13586) error [HPE_INVALID_METHOD] occurred: Parse Error: Invalid method encountered
2020-10-28 17:58:28,458 WARN 10720 A client (127.0.0.1:13588) error [HPE_INVALID_METHOD] occurred: Parse Error: Invalid method encountered
2020-10-28 17:58:28,459 WARN 10720 A client (127.0.0.1:13588) error [HPE_INVALID_METHOD] occurred: Parse Error: Invalid method encountered
2020-10-28 17:58:28,512 WARN 10720 A client (127.0.0.1:13590) error [HPE_INVALID_METHOD] occurred: Parse Error: Invalid method encountered
2020-10-28 17:58:28,513 WARN 10720 A client (127.0.0.1:13590) error [HPE_INVALID_METHOD] occurred: Parse Error: Invalid method encountered
2020-10-28 17:58:28,761 WARN 10720 A client (127.0.0.1:13591) error [HPE_INVALID_METHOD] occurred: Parse Error: Invalid method encountered
2020-10-28 17:58:28,762 WARN 10720 A client (127.0.0.1:13591) error [HPE_INVALID_METHOD] occurred: Parse Error: Invalid method encountered
2020-10-28 17:58:32,952 WARN 10720 A client (127.0.0.1:13599) error [HPE_INVALID_METHOD] occurred: Parse Error: Invalid method encountered
2020-10-28 17:58:32,953 WARN 10720 A client (127.0.0.1:13599) error [HPE_INVALID_METHOD] occurred: Parse Error: Invalid method encountered
2020-10-28 17:58:33,203 WARN 10720 A client (127.0.0.1:13601) error [HPE_INVALID_METHOD] occurred: Parse Error: Invalid method encountered
2020-10-28 17:58:33,204 WARN 10720 A client (127.0.0.1:13601) error [HPE_INVALID_METHOD] occurred: Parse Error: Invalid method encountered
2020-10-28 17:58:33,256 WARN 10720 A client (127.0.0.1:13603) error [HPE_INVALID_METHOD] occurred: Parse Error: Invalid method encountered
2020-10-28 17:58:33,257 WARN 10720 A client (127.0.0.1:13603) error [HPE_INVALID_METHOD] occurred: Parse Error: Invalid method encountered
2020-10-28 17:58:33,506 WARN 10720 A client (127.0.0.1:13604) error [HPE_INVALID_METHOD] occurred: Parse Error: Invalid method encountered
2020-10-28 17:58:33,507 WARN 10720 A client (127.0.0.1:13604) error [HPE_INVALID_METHOD] occurred: Parse Error: Invalid method encountered
2020-10-28 17:59:02,947 WARN 31020 A client (127.0.0.1:13640) error [HPE_INVALID_METHOD] occurred: Parse Error: Invalid method encountered
2020-10-28 17:59:02,949 WARN 31020 A client (127.0.0.1:13640) error [HPE_INVALID_METHOD] occurred: Parse Error: Invalid method encountered
2020-10-28 17:59:03,208 WARN 31020 A client (127.0.0.1:13642) error [HPE_INVALID_METHOD] occurred: Parse Error: Invalid method encountered
2020-10-28 17:59:03,210 WARN 31020 A client (127.0.0.1:13642) error [HPE_INVALID_METHOD] occurred: Parse Error: Invalid method encountered
2020-10-28 17:59:03,251 WARN 31020 A client (127.0.0.1:13644) error [HPE_INVALID_METHOD] occurred: Parse Error: Invalid method encountered
2020-10-28 17:59:03,252 WARN 31020 A client (127.0.0.1:13644) error [HPE_INVALID_METHOD] occurred: Parse Error: Invalid method encountered
2020-10-28 17:59:03,512 WARN 31020 A client (127.0.0.1:13645) error [HPE_INVALID_METHOD] occurred: Parse Error: Invalid method encountered
2020-10-28 17:59:03,513 WARN 31020 A client (127.0.0.1:13645) error [HPE_INVALID_METHOD] occurred: Parse Error: Invalid method encountered
2020-10-28 17:59:23,414 WARN 31020 A client (127.0.0.1:13685) error [HPE_INVALID_METHOD] occurred: Parse Error: Invalid method encountered
2020-10-28 17:59:23,415 WARN 31020 A client (127.0.0.1:13685) error [HPE_INVALID_METHOD] occurred: Parse Error: Invalid method encountered
2020-10-28 17:59:23,666 WARN 31020 A client (127.0.0.1:13687) error [HPE_INVALID_METHOD] occurred: Parse Error: Invalid method encountered
2020-10-28 17:59:23,667 WARN 31020 A client (127.0.0.1:13687) error [HPE_INVALID_METHOD] occurred: Parse Error: Invalid method encountered
2020-10-28 17:59:23,717 WARN 31020 A client (127.0.0.1:13689) error [HPE_INVALID_METHOD] occurred: Parse Error: Invalid method encountered
2020-10-28 17:59:23,718 WARN 31020 A client (127.0.0.1:13689) error [HPE_INVALID_METHOD] occurred: Parse Error: Invalid method encountered
2020-10-28 17:59:23,970 WARN 31020 A client (127.0.0.1:13690) error [HPE_INVALID_METHOD] occurred: Parse Error: Invalid method encountered
2020-10-28 17:59:23,970 WARN 31020 A client (127.0.0.1:13690) error [HPE_INVALID_METHOD] occurred: Parse Error: Invalid method encountered
